{"/home/ben/Desktop/maxim/src/components/3d/Globe.native.tsx": {"path":"/home/ben/Desktop/maxim/src/components/3d/Globe.native.tsx","statementMap":{"0":{"start":{"line":33,"column":19},"end":{"line":33,"column":23}},"1":{"start":{"line":35,"column":23},"end":{"line":42,"column":1}},"2":{"start":{"line":36,"column":14},"end":{"line":36,"column":42}},"3":{"start":{"line":37,"column":16},"end":{"line":37,"column":45}},"4":{"start":{"line":38,"column":12},"end":{"line":38,"column":52}},"5":{"start":{"line":39,"column":12},"end":{"line":39,"column":34}},"6":{"start":{"line":40,"column":12},"end":{"line":40,"column":52}},"7":{"start":{"line":41,"column":2},"end":{"line":41,"column":31}},"8":{"start":{"line":48,"column":21},"end":{"line":91,"column":1}},"9":{"start":{"line":49,"column":18},"end":{"line":49,"column":36}},"10":{"start":{"line":50,"column":22},"end":{"line":50,"column":50}},"11":{"start":{"line":51,"column":21},"end":{"line":51,"column":77}},"12":{"start":{"line":51,"column":61},"end":{"line":51,"column":72}},"13":{"start":{"line":53,"column":19},"end":{"line":67,"column":3}},"14":{"start":{"line":55,"column":6},"end":{"line":65,"column":8}},"15":{"start":{"line":70,"column":2},"end":{"line":74,"column":17}},"16":{"start":{"line":71,"column":4},"end":{"line":73,"column":6}},"17":{"start":{"line":72,"column":6},"end":{"line":72,"column":25}},"18":{"start":{"line":76,"column":2},"end":{"line":83,"column":5}},"19":{"start":{"line":77,"column":4},"end":{"line":79,"column":5}},"20":{"start":{"line":78,"column":6},"end":{"line":78,"column":72}},"21":{"start":{"line":80,"column":4},"end":{"line":82,"column":5}},"22":{"start":{"line":81,"column":6},"end":{"line":81,"column":58}},"23":{"start":{"line":85,"column":2},"end":{"line":90,"column":4}},"24":{"start":{"line":93,"column":19},"end":{"line":123,"column":1}},"25":{"start":{"line":94,"column":21},"end":{"line":94,"column":80}},"26":{"start":{"line":94,"column":61},"end":{"line":94,"column":75}},"27":{"start":{"line":95,"column":19},"end":{"line":108,"column":3}},"28":{"start":{"line":97,"column":6},"end":{"line":106,"column":8}},"29":{"start":{"line":111,"column":2},"end":{"line":115,"column":17}},"30":{"start":{"line":112,"column":4},"end":{"line":114,"column":6}},"31":{"start":{"line":113,"column":6},"end":{"line":113,"column":25}},"32":{"start":{"line":117,"column":2},"end":{"line":122,"column":4}},"33":{"start":{"line":125,"column":15},"end":{"line":164,"column":1}},"34":{"start":{"line":126,"column":21},"end":{"line":126,"column":80}},"35":{"start":{"line":126,"column":61},"end":{"line":126,"column":75}},"36":{"start":{"line":127,"column":22},"end":{"line":127,"column":50}},"37":{"start":{"line":128,"column":19},"end":{"line":143,"column":3}},"38":{"start":{"line":130,"column":6},"end":{"line":141,"column":8}},"39":{"start":{"line":146,"column":2},"end":{"line":150,"column":17}},"40":{"start":{"line":147,"column":4},"end":{"line":149,"column":6}},"41":{"start":{"line":148,"column":6},"end":{"line":148,"column":25}},"42":{"start":{"line":152,"column":2},"end":{"line":156,"column":5}},"43":{"start":{"line":153,"column":4},"end":{"line":155,"column":5}},"44":{"start":{"line":154,"column":6},"end":{"line":154,"column":72}},"45":{"start":{"line":158,"column":2},"end":{"line":163,"column":4}},"46":{"start":{"line":166,"column":18},"end":{"line":215,"column":1}},"47":{"start":{"line":167,"column":20},"end":{"line":182,"column":8}},"48":{"start":{"line":168,"column":17},"end":{"line":168,"column":49}},"49":{"start":{"line":169,"column":4},"end":{"line":180,"column":5}},"50":{"start":{"line":169,"column":17},"end":{"line":169,"column":18}},"51":{"start":{"line":170,"column":21},"end":{"line":170,"column":43}},"52":{"start":{"line":171,"column":20},"end":{"line":171,"column":47}},"53":{"start":{"line":172,"column":18},"end":{"line":172,"column":50}},"54":{"start":{"line":173,"column":16},"end":{"line":173,"column":56}},"55":{"start":{"line":174,"column":16},"end":{"line":174,"column":56}},"56":{"start":{"line":175,"column":16},"end":{"line":175,"column":38}},"57":{"start":{"line":176,"column":20},"end":{"line":176,"column":25}},"58":{"start":{"line":177,"column":6},"end":{"line":177,"column":22}},"59":{"start":{"line":178,"column":6},"end":{"line":178,"column":26}},"60":{"start":{"line":179,"column":6},"end":{"line":179,"column":26}},"61":{"start":{"line":181,"column":4},"end":{"line":181,"column":40}},"62":{"start":{"line":185,"column":2},"end":{"line":189,"column":18}},"63":{"start":{"line":186,"column":4},"end":{"line":188,"column":6}},"64":{"start":{"line":187,"column":6},"end":{"line":187,"column":56}},"65":{"start":{"line":192,"column":20},"end":{"line":192,"column":71}},"66":{"start":{"line":192,"column":34},"end":{"line":192,"column":66}},"67":{"start":{"line":193,"column":20},"end":{"line":193,"column":40}},"68":{"start":{"line":195,"column":2},"end":{"line":199,"column":5}},"69":{"start":{"line":196,"column":4},"end":{"line":198,"column":5}},"70":{"start":{"line":197,"column":6},"end":{"line":197,"column":52}},"71":{"start":{"line":201,"column":2},"end":{"line":214,"column":4}},"72":{"start":{"line":231,"column":27},"end":{"line":277,"column":1}},"73":{"start":{"line":238,"column":25},"end":{"line":238,"column":61}},"74":{"start":{"line":239,"column":26},"end":{"line":239,"column":35}},"75":{"start":{"line":241,"column":2},"end":{"line":274,"column":5}},"76":{"start":{"line":242,"column":4},"end":{"line":244,"column":5}},"77":{"start":{"line":243,"column":6},"end":{"line":243,"column":13}},"78":{"start":{"line":246,"column":20},"end":{"line":246,"column":43}},"79":{"start":{"line":247,"column":24},"end":{"line":247,"column":46}},"80":{"start":{"line":248,"column":4},"end":{"line":248,"column":28}},"81":{"start":{"line":249,"column":4},"end":{"line":249,"column":36}},"82":{"start":{"line":251,"column":4},"end":{"line":253,"column":5}},"83":{"start":{"line":252,"column":6},"end":{"line":252,"column":13}},"84":{"start":{"line":255,"column":25},"end":{"line":255,"column":81}},"85":{"start":{"line":256,"column":16},"end":{"line":256,"column":55}},"86":{"start":{"line":257,"column":24},"end":{"line":257,"column":43}},"87":{"start":{"line":259,"column":6},"end":{"line":261,"column":19}},"88":{"start":{"line":262,"column":23},"end":{"line":262,"column":45}},"89":{"start":{"line":265,"column":4},"end":{"line":270,"column":8}},"90":{"start":{"line":272,"column":4},"end":{"line":272,"column":58}},"91":{"start":{"line":273,"column":4},"end":{"line":273,"column":38}},"92":{"start":{"line":276,"column":2},"end":{"line":276,"column":14}},"93":{"start":{"line":282,"column":23},"end":{"line":331,"column":1}},"94":{"start":{"line":293,"column":21},"end":{"line":293,"column":31}},"95":{"start":{"line":294,"column":24},"end":{"line":294,"column":37}},"96":{"start":{"line":295,"column":23},"end":{"line":295,"column":32}},"97":{"start":{"line":296,"column":22},"end":{"line":296,"column":43}},"98":{"start":{"line":297,"column":20},"end":{"line":297,"column":48}},"99":{"start":{"line":299,"column":2},"end":{"line":328,"column":5}},"100":{"start":{"line":300,"column":4},"end":{"line":304,"column":5}},"101":{"start":{"line":301,"column":6},"end":{"line":301,"column":36}},"102":{"start":{"line":302,"column":6},"end":{"line":302,"column":31}},"103":{"start":{"line":303,"column":6},"end":{"line":303,"column":13}},"104":{"start":{"line":307,"column":4},"end":{"line":313,"column":5}},"105":{"start":{"line":308,"column":6},"end":{"line":308,"column":35}},"106":{"start":{"line":309,"column":6},"end":{"line":309,"column":53}},"107":{"start":{"line":310,"column":6},"end":{"line":310,"column":48}},"108":{"start":{"line":311,"column":6},"end":{"line":311,"column":52}},"109":{"start":{"line":312,"column":6},"end":{"line":312,"column":22}},"110":{"start":{"line":315,"column":20},"end":{"line":315,"column":66}},"111":{"start":{"line":316,"column":21},"end":{"line":316,"column":38}},"112":{"start":{"line":317,"column":14},"end":{"line":317,"column":45}},"113":{"start":{"line":318,"column":18},"end":{"line":318,"column":75}},"114":{"start":{"line":320,"column":4},"end":{"line":320,"column":79}},"115":{"start":{"line":321,"column":4},"end":{"line":321,"column":27}},"116":{"start":{"line":323,"column":4},"end":{"line":327,"column":5}},"117":{"start":{"line":324,"column":6},"end":{"line":324,"column":31}},"118":{"start":{"line":325,"column":6},"end":{"line":325,"column":31}},"119":{"start":{"line":326,"column":6},"end":{"line":326,"column":25}},"120":{"start":{"line":330,"column":2},"end":{"line":330,"column":14}},"121":{"start":{"line":370,"column":23},"end":{"line":429,"column":1}},"122":{"start":{"line":383,"column":21},"end":{"line":383,"column":49}},"123":{"start":{"line":385,"column":2},"end":{"line":401,"column":4}},"124":{"start":{"line":387,"column":11},"end":{"line":399,"column":5}},"125":{"start":{"line":390,"column":27},"end":{"line":390,"column":59}},"126":{"start":{"line":391,"column":27},"end":{"line":391,"column":52}},"127":{"start":{"line":392,"column":30},"end":{"line":392,"column":64}},"128":{"start":{"line":394,"column":8},"end":{"line":394,"column":83}},"129":{"start":{"line":397,"column":8},"end":{"line":397,"column":34}},"130":{"start":{"line":403,"column":2},"end":{"line":428,"column":4}},"131":{"start":{"line":431,"column":21},"end":{"line":431,"column":72}},"132":{"start":{"line":433,"column":15},"end":{"line":437,"column":2}}},"fnMap":{"0":{"name":"(anonymous_0)","decl":{"start":{"line":35,"column":23},"end":{"line":35,"column":24}},"loc":{"start":{"line":35,"column":74},"end":{"line":42,"column":1}},"line":35},"1":{"name":"(anonymous_1)","decl":{"start":{"line":48,"column":21},"end":{"line":48,"column":22}},"loc":{"start":{"line":48,"column":63},"end":{"line":91,"column":1}},"line":48},"2":{"name":"(anonymous_2)","decl":{"start":{"line":51,"column":55},"end":{"line":51,"column":56}},"loc":{"start":{"line":51,"column":61},"end":{"line":51,"column":72}},"line":51},"3":{"name":"(anonymous_3)","decl":{"start":{"line":54,"column":4},"end":{"line":54,"column":5}},"loc":{"start":{"line":55,"column":6},"end":{"line":65,"column":8}},"line":55},"4":{"name":"(anonymous_4)","decl":{"start":{"line":70,"column":12},"end":{"line":70,"column":13}},"loc":{"start":{"line":70,"column":18},"end":{"line":74,"column":3}},"line":70},"5":{"name":"(anonymous_5)","decl":{"start":{"line":71,"column":11},"end":{"line":71,"column":12}},"loc":{"start":{"line":71,"column":17},"end":{"line":73,"column":5}},"line":71},"6":{"name":"(anonymous_6)","decl":{"start":{"line":76,"column":11},"end":{"line":76,"column":12}},"loc":{"start":{"line":76,"column":29},"end":{"line":83,"column":3}},"line":76},"7":{"name":"(anonymous_7)","decl":{"start":{"line":93,"column":19},"end":{"line":93,"column":20}},"loc":{"start":{"line":93,"column":25},"end":{"line":123,"column":1}},"line":93},"8":{"name":"(anonymous_8)","decl":{"start":{"line":94,"column":55},"end":{"line":94,"column":56}},"loc":{"start":{"line":94,"column":61},"end":{"line":94,"column":75}},"line":94},"9":{"name":"(anonymous_9)","decl":{"start":{"line":96,"column":4},"end":{"line":96,"column":5}},"loc":{"start":{"line":97,"column":6},"end":{"line":106,"column":8}},"line":97},"10":{"name":"(anonymous_10)","decl":{"start":{"line":111,"column":12},"end":{"line":111,"column":13}},"loc":{"start":{"line":111,"column":18},"end":{"line":115,"column":3}},"line":111},"11":{"name":"(anonymous_11)","decl":{"start":{"line":112,"column":11},"end":{"line":112,"column":12}},"loc":{"start":{"line":112,"column":17},"end":{"line":114,"column":5}},"line":112},"12":{"name":"(anonymous_12)","decl":{"start":{"line":125,"column":15},"end":{"line":125,"column":16}},"loc":{"start":{"line":125,"column":21},"end":{"line":164,"column":1}},"line":125},"13":{"name":"(anonymous_13)","decl":{"start":{"line":126,"column":55},"end":{"line":126,"column":56}},"loc":{"start":{"line":126,"column":61},"end":{"line":126,"column":75}},"line":126},"14":{"name":"(anonymous_14)","decl":{"start":{"line":129,"column":4},"end":{"line":129,"column":5}},"loc":{"start":{"line":130,"column":6},"end":{"line":141,"column":8}},"line":130},"15":{"name":"(anonymous_15)","decl":{"start":{"line":146,"column":12},"end":{"line":146,"column":13}},"loc":{"start":{"line":146,"column":18},"end":{"line":150,"column":3}},"line":146},"16":{"name":"(anonymous_16)","decl":{"start":{"line":147,"column":11},"end":{"line":147,"column":12}},"loc":{"start":{"line":147,"column":17},"end":{"line":149,"column":5}},"line":147},"17":{"name":"(anonymous_17)","decl":{"start":{"line":152,"column":11},"end":{"line":152,"column":12}},"loc":{"start":{"line":152,"column":22},"end":{"line":156,"column":3}},"line":152},"18":{"name":"(anonymous_18)","decl":{"start":{"line":166,"column":18},"end":{"line":166,"column":19}},"loc":{"start":{"line":166,"column":24},"end":{"line":215,"column":1}},"line":166},"19":{"name":"(anonymous_19)","decl":{"start":{"line":167,"column":28},"end":{"line":167,"column":29}},"loc":{"start":{"line":167,"column":34},"end":{"line":182,"column":3}},"line":167},"20":{"name":"(anonymous_20)","decl":{"start":{"line":185,"column":12},"end":{"line":185,"column":13}},"loc":{"start":{"line":185,"column":18},"end":{"line":189,"column":3}},"line":185},"21":{"name":"(anonymous_21)","decl":{"start":{"line":186,"column":11},"end":{"line":186,"column":12}},"loc":{"start":{"line":186,"column":17},"end":{"line":188,"column":5}},"line":186},"22":{"name":"(anonymous_22)","decl":{"start":{"line":192,"column":28},"end":{"line":192,"column":29}},"loc":{"start":{"line":192,"column":34},"end":{"line":192,"column":66}},"line":192},"23":{"name":"(anonymous_23)","decl":{"start":{"line":195,"column":11},"end":{"line":195,"column":12}},"loc":{"start":{"line":195,"column":25},"end":{"line":199,"column":3}},"line":195},"24":{"name":"(anonymous_24)","decl":{"start":{"line":231,"column":27},"end":{"line":231,"column":28}},"loc":{"start":{"line":237,"column":6},"end":{"line":277,"column":1}},"line":237},"25":{"name":"(anonymous_25)","decl":{"start":{"line":241,"column":11},"end":{"line":241,"column":12}},"loc":{"start":{"line":241,"column":29},"end":{"line":274,"column":3}},"line":241},"26":{"name":"(anonymous_26)","decl":{"start":{"line":282,"column":23},"end":{"line":282,"column":24}},"loc":{"start":{"line":292,"column":6},"end":{"line":331,"column":1}},"line":292},"27":{"name":"(anonymous_27)","decl":{"start":{"line":299,"column":11},"end":{"line":299,"column":12}},"loc":{"start":{"line":299,"column":22},"end":{"line":328,"column":3}},"line":299},"28":{"name":"(anonymous_28)","decl":{"start":{"line":370,"column":23},"end":{"line":370,"column":24}},"loc":{"start":{"line":382,"column":5},"end":{"line":429,"column":1}},"line":382},"29":{"name":"(anonymous_29)","decl":{"start":{"line":387,"column":4},"end":{"line":387,"column":5}},"loc":{"start":{"line":387,"column":11},"end":{"line":399,"column":5}},"line":387},"30":{"name":"(anonymous_30)","decl":{"start":{"line":388,"column":22},"end":{"line":388,"column":23}},"loc":{"start":{"line":388,"column":55},"end":{"line":395,"column":7}},"line":388},"31":{"name":"(anonymous_31)","decl":{"start":{"line":396,"column":18},"end":{"line":396,"column":19}},"loc":{"start":{"line":396,"column":24},"end":{"line":398,"column":7}},"line":396}},"branchMap":{"0":{"loc":{"start":{"line":35,"column":50},"end":{"line":35,"column":60}},"type":"default-arg","locations":[{"start":{"line":35,"column":59},"end":{"line":35,"column":60}}],"line":35},"1":{"loc":{"start":{"line":77,"column":4},"end":{"line":79,"column":5}},"type":"if","locations":[{"start":{"line":77,"column":4},"end":{"line":79,"column":5}},{"start":{},"end":{}}],"line":77},"2":{"loc":{"start":{"line":80,"column":4},"end":{"line":82,"column":5}},"type":"if","locations":[{"start":{"line":80,"column":4},"end":{"line":82,"column":5}},{"start":{},"end":{}}],"line":80},"3":{"loc":{"start":{"line":153,"column":4},"end":{"line":155,"column":5}},"type":"if","locations":[{"start":{"line":153,"column":4},"end":{"line":155,"column":5}},{"start":{},"end":{}}],"line":153},"4":{"loc":{"start":{"line":196,"column":4},"end":{"line":198,"column":5}},"type":"if","locations":[{"start":{"line":196,"column":4},"end":{"line":198,"column":5}},{"start":{},"end":{}}],"line":196},"5":{"loc":{"start":{"line":233,"column":2},"end":{"line":233,"column":21}},"type":"default-arg","locations":[{"start":{"line":233,"column":17},"end":{"line":233,"column":21}}],"line":233},"6":{"loc":{"start":{"line":242,"column":4},"end":{"line":244,"column":5}},"type":"if","locations":[{"start":{"line":242,"column":4},"end":{"line":244,"column":5}},{"start":{},"end":{}}],"line":242},"7":{"loc":{"start":{"line":251,"column":4},"end":{"line":253,"column":5}},"type":"if","locations":[{"start":{"line":251,"column":4},"end":{"line":253,"column":5}},{"start":{},"end":{}}],"line":251},"8":{"loc":{"start":{"line":256,"column":16},"end":{"line":256,"column":55}},"type":"cond-expr","locations":[{"start":{"line":256,"column":35},"end":{"line":256,"column":51}},{"start":{"line":256,"column":54},"end":{"line":256,"column":55}}],"line":256},"9":{"loc":{"start":{"line":259,"column":6},"end":{"line":261,"column":19}},"type":"cond-expr","locations":[{"start":{"line":260,"column":11},"end":{"line":260,"column":90}},{"start":{"line":261,"column":10},"end":{"line":261,"column":19}}],"line":259},"10":{"loc":{"start":{"line":286,"column":2},"end":{"line":286,"column":19}},"type":"default-arg","locations":[{"start":{"line":286,"column":15},"end":{"line":286,"column":19}}],"line":286},"11":{"loc":{"start":{"line":300,"column":4},"end":{"line":304,"column":5}},"type":"if","locations":[{"start":{"line":300,"column":4},"end":{"line":304,"column":5}},{"start":{},"end":{}}],"line":300},"12":{"loc":{"start":{"line":307,"column":4},"end":{"line":313,"column":5}},"type":"if","locations":[{"start":{"line":307,"column":4},"end":{"line":313,"column":5}},{"start":{},"end":{}}],"line":307},"13":{"loc":{"start":{"line":307,"column":8},"end":{"line":307,"column":100}},"type":"binary-expr","locations":[{"start":{"line":307,"column":8},"end":{"line":307,"column":30}},{"start":{"line":307,"column":34},"end":{"line":307,"column":100}}],"line":307},"14":{"loc":{"start":{"line":307,"column":60},"end":{"line":307,"column":99}},"type":"binary-expr","locations":[{"start":{"line":307,"column":60},"end":{"line":307,"column":77}},{"start":{"line":307,"column":81},"end":{"line":307,"column":99}}],"line":307},"15":{"loc":{"start":{"line":318,"column":18},"end":{"line":318,"column":75}},"type":"cond-expr","locations":[{"start":{"line":318,"column":28},"end":{"line":318,"column":41}},{"start":{"line":318,"column":44},"end":{"line":318,"column":75}}],"line":318},"16":{"loc":{"start":{"line":323,"column":4},"end":{"line":327,"column":5}},"type":"if","locations":[{"start":{"line":323,"column":4},"end":{"line":327,"column":5}},{"start":{},"end":{}}],"line":323},"17":{"loc":{"start":{"line":372,"column":4},"end":{"line":372,"column":16}},"type":"default-arg","locations":[{"start":{"line":372,"column":13},"end":{"line":372,"column":16}}],"line":372},"18":{"loc":{"start":{"line":373,"column":4},"end":{"line":373,"column":24}},"type":"default-arg","locations":[{"start":{"line":373,"column":20},"end":{"line":373,"column":24}}],"line":373},"19":{"loc":{"start":{"line":376,"column":4},"end":{"line":376,"column":15}},"type":"default-arg","locations":[{"start":{"line":376,"column":14},"end":{"line":376,"column":15}}],"line":376},"20":{"loc":{"start":{"line":378,"column":4},"end":{"line":378,"column":23}},"type":"default-arg","locations":[{"start":{"line":378,"column":19},"end":{"line":378,"column":23}}],"line":378},"21":{"loc":{"start":{"line":379,"column":4},"end":{"line":379,"column":25}},"type":"default-arg","locations":[{"start":{"line":379,"column":21},"end":{"line":379,"column":25}}],"line":379},"22":{"loc":{"start":{"line":388,"column":35},"end":{"line":388,"column":48}},"type":"default-arg","locations":[{"start":{"line":388,"column":44},"end":{"line":388,"column":48}}],"line":388}},"s":{"0":1,"1":1,"2":12,"3":12,"4":12,"5":12,"6":12,"7":12,"8":1,"9":20,"10":20,"11":20,"12":20,"13":20,"14":20,"15":20,"16":20,"17":20,"18":20,"19":0,"20":0,"21":0,"22":0,"23":20,"24":1,"25":21,"26":20,"27":20,"28":20,"29":20,"30":20,"31":20,"32":20,"33":1,"34":21,"35":20,"36":20,"37":20,"38":20,"39":20,"40":20,"41":20,"42":20,"43":0,"44":0,"45":20,"46":1,"47":20,"48":20,"49":20,"50":20,"51":32000,"52":32000,"53":32000,"54":32000,"55":32000,"56":32000,"57":32000,"58":32000,"59":32000,"60":32000,"61":20,"62":20,"63":20,"64":20,"65":20,"66":20,"67":20,"68":20,"69":0,"70":0,"71":20,"72":1,"73":20,"74":20,"75":20,"76":0,"77":0,"78":0,"79":0,"80":0,"81":0,"82":0,"83":0,"84":0,"85":0,"86":0,"87":0,"88":0,"89":0,"90":0,"91":0,"92":20,"93":1,"94":20,"95":20,"96":20,"97":20,"98":20,"99":20,"100":0,"101":0,"102":0,"103":0,"104":0,"105":0,"106":0,"107":0,"108":0,"109":0,"110":0,"111":0,"112":0,"113":0,"114":0,"115":0,"116":0,"117":0,"118":0,"119":0,"120":20,"121":1,"122":20,"123":20,"124":10,"125":12,"126":12,"127":12,"128":12,"129":1,"130":20,"131":1,"132":1},"f":{"0":12,"1":20,"2":20,"3":20,"4":20,"5":20,"6":0,"7":21,"8":20,"9":20,"10":20,"11":20,"12":21,"13":20,"14":20,"15":20,"16":20,"17":0,"18":20,"19":20,"20":20,"21":20,"22":20,"23":0,"24":20,"25":0,"26":20,"27":0,"28":20,"29":10,"30":12,"31":1},"b":{"0":[0],"1":[0,0],"2":[0,0],"3":[0,0],"4":[0,0],"5":[0],"6":[0,0],"7":[0,0],"8":[0,0],"9":[0,0],"10":[0],"11":[0,0],"12":[0,0],"13":[0,0],"14":[0,0],"15":[0,0],"16":[0,0],"17":[1],"18":[1],"19":[1],"20":[17],"21":[18],"22":[10]},"_coverageSchema":"1a1c01bbd47fc00a2c39e90264f33305004495a9","hash":"81fc15e0602c7028cd3317cad195d2db3399a178"}
,"/home/ben/Desktop/maxim/src/constants/theme.ts": {"path":"/home/ben/Desktop/maxim/src/constants/theme.ts","statementMap":{"0":{"start":{"line":15,"column":18},"end":{"line":351,"column":10}}},"fnMap":{},"branchMap":{},"s":{"0":1},"f":{},"b":{},"_coverageSchema":"1a1c01bbd47fc00a2c39e90264f33305004495a9","hash":"76cd23c055a2f5f1fc68cd0eb3eaffc468112f12"}
}
